0 info it worked if it ends with ok
1 verbose cli [ '/usr/bin/node', '/usr/bin/npm', 'publish' ]
2 info using npm@2.1.18
3 info using node@v0.10.35
4 verbose publish [ '.' ]
5 silly cache add args [ '.', null ]
6 verbose cache add spec .
7 silly cache add parsed spec { raw: '.',
7 silly cache add   scope: null,
7 silly cache add   name: null,
7 silly cache add   rawSpec: '.',
7 silly cache add   spec: '/home/guy/github/zygo-cli',
7 silly cache add   type: 'directory' }
8 verbose addLocalDirectory /home/guy/.npm/zygo/0.3.0/package.tgz not in flight; packing
9 verbose tar pack [ '/home/guy/.npm/zygo/0.3.0/package.tgz',
9 verbose tar pack   '/home/guy/github/zygo-cli' ]
10 verbose tarball /home/guy/.npm/zygo/0.3.0/package.tgz
11 verbose folder /home/guy/github/zygo-cli
12 info prepublish zygo@0.3.0
13 verbose addLocalTarball adding from inside cache /home/guy/.npm/zygo/0.3.0/package.tgz
14 silly cache afterAdd zygo@0.3.0
15 verbose afterAdd /home/guy/.npm/zygo/0.3.0/package/package.json not in flight; writing
16 verbose afterAdd /home/guy/.npm/zygo/0.3.0/package/package.json written
17 silly publish { name: 'zygo',
17 silly publish   version: '0.3.0',
17 silly publish   description: 'CLI wrapper around the zygo server API.',
17 silly publish   main: 'lib/index.js',
17 silly publish   repository: { type: 'git', url: 'https://github.com/zygo-io/zygo-cli.git' },
17 silly publish   bin: { zygo: './lib/index.js' },
17 silly publish   keywords: [ 'zygo', 'cli' ],
17 silly publish   author: { name: 'Guy Paterson-Jones' },
17 silly publish   license: 'MIT',
17 silly publish   bugs: { url: 'https://github.com/zygo-io/zygo-cli/issues' },
17 silly publish   homepage: 'https://github.com/zygo-io/zygo-cli',
17 silly publish   dependencies: { cli: '^0.6.5', 'zygo-server': '~0.3' },
17 silly publish   readme: '# Zygo CLI\n\nA simple wrapper around the [zygo server](https://github.com/Bubblyworld/zygo-server) API.\n\n## Installation\n`npm install zygo-cli -g`\n\n## Usage\n`zygo [options] zygo.json`\n\nOptions can be any of:\n- `--serve/-s`  \nSpin up a server instance for the given zygo app. To override the port specified in `zygo.json`, use `--port/-p`.\n\n- `--bundle/-b`  \nManually bundle the given zygo app. To override the build directory specified in `zygo.json`, use `--dir/-d`.\n\n- `--unbundle/-u`  \nManually unbundle the given zygo app.\n\n- `--setmode/-m`  \nSet the application environment. Accepts one of two parameters: `dev[elopment]` or `prod[uction]`.\n\n- `--init`  \nWalks through a basic zygo application setup.\n\n- `--version/-v`  \nOutputs the current zygo-cli version.\n',
17 silly publish   readmeFilename: 'readme.md',
17 silly publish   gitHead: '13e46ace67a374f426352c43c433435794873cf4',
17 silly publish   _id: 'zygo@0.3.0',
17 silly publish   scripts: {},
17 silly publish   _shasum: '0eef62c9d7cdbdea6b3a176de825743e5b2c1941',
17 silly publish   _from: '.' }
18 silly mapToRegistry name zygo
19 silly mapToRegistry using default registry
20 silly mapToRegistry registry https://registry.npmjs.org/
21 silly mapToRegistry uri https://registry.npmjs.org/zygo
22 verbose publish registryBase https://registry.npmjs.org/
23 silly publish uploading /home/guy/.npm/zygo/0.3.0/package.tgz
24 verbose request uri https://registry.npmjs.org/zygo
25 verbose request sending authorization for write operation
26 info attempt registry request try #1 at 15:50:15
27 verbose request id 475750cd7f999748
28 http request PUT https://registry.npmjs.org/zygo
29 http 403 https://registry.npmjs.org/zygo
30 verbose headers { date: 'Mon, 09 Feb 2015 13:50:16 GMT',
30 verbose headers   server: 'CouchDB/1.5.0 (Erlang OTP/R16B03)',
30 verbose headers   'content-type': 'application/json',
30 verbose headers   'cache-control': 'max-age=60',
30 verbose headers   'content-length': '3191',
30 verbose headers   'accept-ranges': 'bytes',
30 verbose headers   via: '1.1 varnish',
30 verbose headers   'x-served-by': 'cache-fra1246-FRA',
30 verbose headers   'x-cache': 'MISS',
30 verbose headers   'x-cache-hits': '0',
30 verbose headers   'x-timer': 'S1423489816.664595,VS0,VE199',
30 verbose headers   'keep-alive': 'timeout=10, max=50',
30 verbose headers   connection: 'Keep-Alive' }
31 verbose request invalidating /home/guy/.npm/registry.npmjs.org/zygo on PUT
32 error publish Failed PUT 403
33 verbose stack Error: forbidden cannot modify pre-existing version: 0.3.0
33 verbose stack old={"name":"zygo","version":"0.3.0","description":"CLI wrapper around the zygo server API.","main":"lib/index.js","repository":{"type":"git","url":"https://github.com/Bubblyworld/zygo-cli.git"},"bin":{"zygo":"./lib/index.js"},"keywords":["zygo","cli"],"author":{"name":"Guy Paterson-Jones"},"license":"MIT","bugs":{"url":"https://github.com/Bubblyworld/zygo-cli/issues"},"homepage":"https://github.com/Bubblyworld/zygo-cli","dependencies":{"cli":"^0.6.5","zygo-server":"^0.2"},"gitHead":"7094108f39d87f947acd0b0ceed60622b304d561","_id":"zygo@0.3.0","scripts":{},"_shasum":"a7af4fbb4e7935d94aad1ee2dca2825a4935e1f2","_from":".","_npmVersion":"2.1.18","_nodeVersion":"0.10.35","_npmUser":{"name":"bubblyworld","email":"guy.paterson.jones@gmail.com"},"maintainers":[{"name":"bubblyworld","email":"guy.paterson.jones@gmail.com"}],"dist":{"shasum":"a7af4fbb4e7935d94aad1ee2dca2825a4935e1f2","tarball":"http://registry.npmjs.org/zygo/-/zygo-0.3.0.tgz"}}
33 verbose stack new={"name":"zygo","version":"0.3.0","description":"CLI wrapper around the zygo server API.","main":"lib/index.js","repository":{"type":"git","url":"https://github.com/zygo-io/zygo-cli.git"},"bin":{"zygo":"./lib/index.js"},"keywords":["zygo","cli"],"author":{"name":"Guy Paterson-Jones"},"license":"MIT","bugs":{"url":"https://github.com/zygo-io/zygo-cli/issues"},"homepage":"https://github.com/zygo-io/zygo-cli","dependencies":{"cli":"^0.6.5","zygo-server":"~0.3"},"readme":"# Zygo CLI\u000a\u000aA simple wrapper around the [zygo server](https://github.com/Bubblyworld/zygo-server) API.\u000a\u000a## Installation\u000a`npm install zygo-cli -g`\u000a\u000a## Usage\u000a`zygo [options] zygo.json`\u000a\u000aOptions can be any of:\u000a- `--serve/-s`  \u000aSpin up a server instance for the given zygo app. To override the port specified in `zygo.json`, use `--port/-p`.\u000a\u000a- `--bundle/-b`  \u000aManually bundle the given zygo app. To override the build directory specified in `zygo.json`, use `--dir/-d`.\u000a\u000a- `--unbundle/-u`  \u000aManually unbundle the given zygo app.\u000a\u000a- `--setmode/-m`  \u000aSet the application environment. Accepts one of two parameters: `dev[elopment]` or `prod[uction]`.\u000a\u000a- `--init`  \u000aWalks through a basic zygo application setup.\u000a\u000a- `--version/-v`  \u000aOutputs the current zygo-cli version.\u000a","readmeFilename":"readme.md","gitHead":"13e46ace67a374f426352c43c433435794873cf4","_id":"zygo@0.3.0","scripts":{},"_shasum":"0eef62c9d7cdbdea6b3a176de825743e5b2c1941","_from":".","_npmVersion":"2.1.18","_nodeVersion":"0.10.35","_npmUser":{"name":"bubblyworld","email":"guy.paterson.jones@gmail.com"},"maintainers":[{"name":"bubblyworld","email":"guy.paterson.jones@gmail.com"}],"dist":{"shasum":"0eef62c9d7cdbdea6b3a176de825743e5b2c1941","tarball":"http://registry.npmjs.org/zygo/-/zygo-0.3.0.tgz"}}: zygo
33 verbose stack     at CachingRegistryClient.<anonymous> (/usr/lib/node_modules/npm/node_modules/npm-registry-client/lib/request.js:244:14)
33 verbose stack     at Request._callback (/usr/lib/node_modules/npm/node_modules/npm-registry-client/lib/request.js:172:14)
33 verbose stack     at Request.self.callback (/usr/lib/node_modules/npm/node_modules/request/request.js:373:22)
33 verbose stack     at Request.emit (events.js:98:17)
33 verbose stack     at Request.<anonymous> (/usr/lib/node_modules/npm/node_modules/request/request.js:1318:14)
33 verbose stack     at Request.emit (events.js:117:20)
33 verbose stack     at IncomingMessage.<anonymous> (/usr/lib/node_modules/npm/node_modules/request/request.js:1266:12)
33 verbose stack     at IncomingMessage.emit (events.js:117:20)
33 verbose stack     at _stream_readable.js:944:16
33 verbose stack     at process._tickCallback (node.js:442:13)
34 verbose statusCode 403
35 verbose pkgid zygo
36 verbose cwd /home/guy/github/zygo-cli
37 error Linux 3.17.6-1-ARCH
38 error argv "/usr/bin/node" "/usr/bin/npm" "publish"
39 error node v0.10.35
40 error npm  v2.1.18
41 error code E403
42 error forbidden cannot modify pre-existing version: 0.3.0
42 error old={"name":"zygo","version":"0.3.0","description":"CLI wrapper around the zygo server API.","main":"lib/index.js","repository":{"type":"git","url":"https://github.com/Bubblyworld/zygo-cli.git"},"bin":{"zygo":"./lib/index.js"},"keywords":["zygo","cli"],"author":{"name":"Guy Paterson-Jones"},"license":"MIT","bugs":{"url":"https://github.com/Bubblyworld/zygo-cli/issues"},"homepage":"https://github.com/Bubblyworld/zygo-cli","dependencies":{"cli":"^0.6.5","zygo-server":"^0.2"},"gitHead":"7094108f39d87f947acd0b0ceed60622b304d561","_id":"zygo@0.3.0","scripts":{},"_shasum":"a7af4fbb4e7935d94aad1ee2dca2825a4935e1f2","_from":".","_npmVersion":"2.1.18","_nodeVersion":"0.10.35","_npmUser":{"name":"bubblyworld","email":"guy.paterson.jones@gmail.com"},"maintainers":[{"name":"bubblyworld","email":"guy.paterson.jones@gmail.com"}],"dist":{"shasum":"a7af4fbb4e7935d94aad1ee2dca2825a4935e1f2","tarball":"http://registry.npmjs.org/zygo/-/zygo-0.3.0.tgz"}}
42 error new={"name":"zygo","version":"0.3.0","description":"CLI wrapper around the zygo server API.","main":"lib/index.js","repository":{"type":"git","url":"https://github.com/zygo-io/zygo-cli.git"},"bin":{"zygo":"./lib/index.js"},"keywords":["zygo","cli"],"author":{"name":"Guy Paterson-Jones"},"license":"MIT","bugs":{"url":"https://github.com/zygo-io/zygo-cli/issues"},"homepage":"https://github.com/zygo-io/zygo-cli","dependencies":{"cli":"^0.6.5","zygo-server":"~0.3"},"readme":"# Zygo CLI\u000a\u000aA simple wrapper around the [zygo server](https://github.com/Bubblyworld/zygo-server) API.\u000a\u000a## Installation\u000a`npm install zygo-cli -g`\u000a\u000a## Usage\u000a`zygo [options] zygo.json`\u000a\u000aOptions can be any of:\u000a- `--serve/-s`  \u000aSpin up a server instance for the given zygo app. To override the port specified in `zygo.json`, use `--port/-p`.\u000a\u000a- `--bundle/-b`  \u000aManually bundle the given zygo app. To override the build directory specified in `zygo.json`, use `--dir/-d`.\u000a\u000a- `--unbundle/-u`  \u000aManually unbundle the given zygo app.\u000a\u000a- `--setmode/-m`  \u000aSet the application environment. Accepts one of two parameters: `dev[elopment]` or `prod[uction]`.\u000a\u000a- `--init`  \u000aWalks through a basic zygo application setup.\u000a\u000a- `--version/-v`  \u000aOutputs the current zygo-cli version.\u000a","readmeFilename":"readme.md","gitHead":"13e46ace67a374f426352c43c433435794873cf4","_id":"zygo@0.3.0","scripts":{},"_shasum":"0eef62c9d7cdbdea6b3a176de825743e5b2c1941","_from":".","_npmVersion":"2.1.18","_nodeVersion":"0.10.35","_npmUser":{"name":"bubblyworld","email":"guy.paterson.jones@gmail.com"},"maintainers":[{"name":"bubblyworld","email":"guy.paterson.jones@gmail.com"}],"dist":{"shasum":"0eef62c9d7cdbdea6b3a176de825743e5b2c1941","tarball":"http://registry.npmjs.org/zygo/-/zygo-0.3.0.tgz"}}: zygo
43 error If you need help, you may report this error at:
43 error     <http://github.com/npm/npm/issues>
44 verbose exit [ 1, true ]
